Namespace(augment=False, batchSize=32, beta1=0.5, cuda=True, data='lung', decay_lr=False, dropout=0.5, earlystop=False, experiment='sb38', imgSize=299, init='normal', lr=0.001, metadata=False, method='average', model='', nc=3, ngpu=1, niter=25, nonlinearity='relu', optimizer='Adam')

old comet version (0.1.68) detected. current: 1.0.10 please update your comet lib with command: `pip install --no-cache-dir --upgrade comet_ml`

Experiment is live on comet.ml https://www.comet.ml/charrrrtreuse/general/1ffb6cae25684474a83a4c204761b19a

Random Seed:  405
Loading from: TCGA-LUAD
Loading from: TCGA-LUSC
Loading from: Solid_Tissue_Normal
Finished loading train dataset: 461823 samples
Loading from: TCGA-LUAD
Loading from: TCGA-LUSC
Loading from: Solid_Tissue_Normal
Finished loading valid dataset: 105872 samples
Class encoding:
{'Solid_Tissue_Normal': 0, 'TCGA-LUSC': 2, 'TCGA-LUAD': 1}
cancer_CNN (
  (conv1): BasicConv2d (
    (conv): Conv2d(3, 16, kernel_size=(5, 5), stride=(2, 2), padding=(1, 1))
    (bn): BatchNorm2d(16, eps=0.001, momentum=0.1, affine=True)
    (relu): ReLU ()
    (dropout): Dropout (p = 0.5)
  )
  (conv2): BasicConv2d (
    (conv): Conv2d(16, 32, kernel_size=(3, 3), stride=(1, 1))
    (bn): BatchNorm2d(32, eps=0.001, momentum=0.1, affine=True)
    (relu): ReLU ()
    (dropout): Dropout (p = 0.5)
  )
  (conv3): BasicConv2d (
    (conv): Conv2d(32, 64, kernel_size=(3, 3), stride=(1, 1), padding=(1, 1))
    (bn): BatchNorm2d(64, eps=0.001, momentum=0.1, affine=True)
    (relu): ReLU ()
    (dropout): Dropout (p = 0.5)
  )
  (conv4): BasicConv2d (
    (conv): Conv2d(64, 64, kernel_size=(3, 3), stride=(1, 1), padding=(1, 1))
    (bn): BatchNorm2d(64, eps=0.001, momentum=0.1, affine=True)
    (relu): ReLU ()
    (dropout): Dropout (p = 0.5)
  )
  (conv5): BasicConv2d (
    (conv): Conv2d(64, 128, kernel_size=(3, 3), stride=(1, 1), padding=(1, 1))
    (bn): BatchNorm2d(128, eps=0.001, momentum=0.1, affine=True)
    (relu): ReLU ()
    (dropout): Dropout (p = 0.5)
  )
  (conv6): BasicConv2d (
    (conv): Conv2d(128, 64, kernel_size=(3, 3), stride=(1, 1), padding=(1, 1))
    (bn): BatchNorm2d(64, eps=0.001, momentum=0.1, affine=True)
    (relu): ReLU ()
    (dropout): Dropout (p = 0.5)
  )
  (linear): Linear (5184 -> 3)
)
No early stopping implemented
Starting training
Variable containing:
-0.0216 -0.0013  0.0384
-0.0136 -0.0207  0.0091
 0.0121  0.0156 -0.0117
 0.0648 -0.0350  0.0167
-0.0177  0.0750  0.0544
-0.0365 -0.0282  0.0277
-0.0145 -0.0682  0.0176
 0.1598 -0.0221  0.0158
-0.0486  0.0403  0.0511
-0.0325 -0.0646  0.0049
-0.0012 -0.0350  0.0439
-0.0668 -0.0177 -0.0213
 0.0512 -0.1456 -0.1054
 0.1477 -0.1168 -0.2327
-0.0057 -0.0529  0.0530
-0.0199  0.0153 -0.0548
-0.0434 -0.0052 -0.0096
-0.0673 -0.0201  0.0369
-0.0470 -0.0295  0.0489
-0.0316  0.0064 -0.0242
-0.0311 -0.0589  0.0191
-0.0120 -0.0097 -0.0209
-0.0718 -0.0150 -0.0401
-0.0990  0.0279 -0.0072
-0.0523 -0.0716  0.0387
-0.0225 -0.0334 -0.0280
 0.0196 -0.0996 -0.0293
 0.0189 -0.1184  0.0661
-0.1562  0.0539  0.5788
 0.0348 -0.1146 -0.0688
 0.2029  0.0732  0.0088
-0.0520 -0.0375  0.0086
[torch.cuda.FloatTensor of size 32x3 (GPU 0)]

