Namespace(augment=False, batchSize=32, beta1=0.5, cuda=True, data='lung', decay_lr=False, dropout=0.5, earlystop=False, experiment='sb43', imgSize=299, init='normal', lr=0.001, metadata=False, method='average', model='', nc=3, ngpu=1, niter=25, nonlinearity='relu', optimizer='Adam')

old comet version (0.1.68) detected. current: 1.0.10 please update your comet lib with command: `pip install --no-cache-dir --upgrade comet_ml`

Experiment is live on comet.ml https://www.comet.ml/charrrrtreuse/general/f6e6cdec76fb44ef8a758ad1001b3ce0

Random Seed:  2753
Loading from: TCGA-LUAD
Loading from: TCGA-LUSC
Loading from: Solid_Tissue_Normal
Finished loading train dataset: 461823 samples
Loading from: TCGA-LUAD
Loading from: TCGA-LUSC
Loading from: Solid_Tissue_Normal
Finished loading valid dataset: 105872 samples
Class encoding:
{'TCGA-LUAD': 1, 'TCGA-LUSC': 2, 'Solid_Tissue_Normal': 0}
cancer_CNN (
  (conv1): BasicConv2d (
    (conv): Conv2d(3, 16, kernel_size=(5, 5), stride=(2, 2), padding=(1, 1))
    (bn): BatchNorm2d(16, eps=0.001, momentum=0.1, affine=True)
    (relu): ReLU ()
    (dropout): Dropout (p = 0.5)
  )
  (conv2): BasicConv2d (
    (conv): Conv2d(16, 32, kernel_size=(3, 3), stride=(1, 1))
    (bn): BatchNorm2d(32, eps=0.001, momentum=0.1, affine=True)
    (relu): ReLU ()
    (dropout): Dropout (p = 0.5)
  )
  (conv3): BasicConv2d (
    (conv): Conv2d(32, 64, kernel_size=(3, 3), stride=(1, 1), padding=(1, 1))
    (bn): BatchNorm2d(64, eps=0.001, momentum=0.1, affine=True)
    (relu): ReLU ()
    (dropout): Dropout (p = 0.5)
  )
  (conv4): BasicConv2d (
    (conv): Conv2d(64, 64, kernel_size=(3, 3), stride=(1, 1), padding=(1, 1))
    (bn): BatchNorm2d(64, eps=0.001, momentum=0.1, affine=True)
    (relu): ReLU ()
    (dropout): Dropout (p = 0.5)
  )
  (conv5): BasicConv2d (
    (conv): Conv2d(64, 128, kernel_size=(3, 3), stride=(1, 1), padding=(1, 1))
    (bn): BatchNorm2d(128, eps=0.001, momentum=0.1, affine=True)
    (relu): ReLU ()
    (dropout): Dropout (p = 0.5)
  )
  (conv6): BasicConv2d (
    (conv): Conv2d(128, 64, kernel_size=(3, 3), stride=(1, 1), padding=(1, 1))
    (bn): BatchNorm2d(64, eps=0.001, momentum=0.1, affine=True)
    (relu): ReLU ()
    (dropout): Dropout (p = 0.5)
  )
  (linear): Linear (5184 -> 3)
)
No early stopping implemented
Starting training
correc
Variable containing:
 12
[torch.cuda.ByteTensor of size 1 (GPU 0)]

[0/25][1/14432] Training Loss: 1.097318 
correc
Variable containing:
 19
[torch.cuda.ByteTensor of size 1 (GPU 0)]

[0/25][2/14432] Training Loss: 1.116127 
correc
Variable containing:
 32
[torch.cuda.ByteTensor of size 1 (GPU 0)]

[0/25][3/14432] Training Loss: 1.083309 
correc
Variable containing:
 44
[torch.cuda.ByteTensor of size 1 (GPU 0)]

[0/25][4/14432] Training Loss: 1.119618 
correc
Variable containing:
 61
[torch.cuda.ByteTensor of size 1 (GPU 0)]

[0/25][5/14432] Training Loss: 1.196869 
correc
Variable containing:
 77
[torch.cuda.ByteTensor of size 1 (GPU 0)]

[0/25][6/14432] Training Loss: 1.050312 
correc
Variable containing:
 90
[torch.cuda.ByteTensor of size 1 (GPU 0)]

[0/25][7/14432] Training Loss: 1.106768 
correc
Variable containing:
 113
[torch.cuda.ByteTensor of size 1 (GPU 0)]

[0/25][8/14432] Training Loss: 1.074884 
correc
Variable containing:
 130
[torch.cuda.ByteTensor of size 1 (GPU 0)]

[0/25][9/14432] Training Loss: 1.097107 

Uploading stats to Comet before program termination (may take several seconds)

Experiment is live on comet.ml: https://www.comet.ml/charrrrtreuse/general/f6e6cdec76fb44ef8a758ad1001b3ce0
